<?xml version="1.0" encoding="UTF-8"?>
<!-- Generated by org.testng.reporters.JUnitReportReporter -->
<testsuite skipped="0" hostname="BLT84" name="Demo.Paallelexecution1" tests="3" failures="0" timestamp="17 Feb 2020 11:04:10 GMT" time="0.062" errors="0">
  <testcase name="Testcase4" time="0.031" classname="Demo.Paallelexecution1"/>
  <testcase name="Testcase6" time="0.015" classname="Demo.Paallelexecution1"/>
  <testcase name="Testcase5" time="0.016" classname="Demo.Paallelexecution1"/>
</testsuite> <!-- Demo.Paallelexecution1 -->
