<?xml version="1.0" encoding="UTF-8"?>
<!-- Generated by org.testng.reporters.JUnitReportReporter -->
<testsuite skipped="0" hostname="BLT84" name="Demo.parallelExcecution" tests="3" failures="0" timestamp="17 Feb 2020 11:04:10 GMT" time="0.015" errors="0">
  <testcase name="Testcase3" time="0.000" classname="Demo.parallelExcecution"/>
  <testcase name="Testcase2" time="0.015" classname="Demo.parallelExcecution"/>
  <testcase name="Testcase1" time="0.000" classname="Demo.parallelExcecution"/>
</testsuite> <!-- Demo.parallelExcecution -->
