<?xml version="1.0" encoding="UTF-8"?>
<!-- Generated by org.testng.reporters.JUnitReportReporter -->
<testsuite skipped="0" hostname="BLT84" name="Demo.dependonmethods" tests="3" failures="0" timestamp="19 Feb 2020 04:02:11 GMT" time="0.031" errors="0">
  <testcase name="logout" time="0.000" classname="Demo.dependonmethods"/>
  <testcase name="login" time="0.031" classname="Demo.dependonmethods"/>
  <testcase name="search" time="0.000" classname="Demo.dependonmethods"/>
</testsuite> <!-- Demo.dependonmethods -->
