<?xml version="1.0" encoding="UTF-8"?>
<!-- Generated by org.testng.reporters.JUnitReportReporter -->
<testsuite skipped="0" hostname="BLT84" name="Demo.NewTest" tests="3" failures="0" timestamp="18 Feb 2020 05:06:54 GMT" time="0.017" errors="0">
  <testcase name="Testcase2" time="0.016" classname="Demo.NewTest"/>
  <testcase name="Testcase3" time="0.001" classname="Demo.NewTest"/>
  <testcase name="Testcase1" time="0.000" classname="Demo.NewTest"/>
</testsuite> <!-- Demo.NewTest -->
