<?xml version="1.0" encoding="UTF-8"?>
<!-- Generated by org.testng.reporters.JUnitReportReporter -->
<testsuite skipped="0" hostname="BLT84" name="democart.democart" tests="3" failures="0" timestamp="18 Feb 2020 07:02:12 GMT" time="80.047" errors="0">
  <testcase name="presslogin" time="34.598" classname="democart.democart"/>
  <testcase name="Enterids" time="22.533" classname="democart.democart"/>
  <testcase name="login" time="22.916" classname="democart.democart"/>
</testsuite> <!-- democart.democart -->
