<?xml version="1.0" encoding="UTF-8"?>
<!-- Generated by org.testng.reporters.JUnitReportReporter -->
<testsuite skipped="0" hostname="BLT84" name="democart.NewTest" tests="3" failures="0" timestamp="26 Feb 2020 09:41:52 GMT" time="0.032" errors="0">
  <testcase name="testcase2" time="0.000" classname="democart.NewTest"/>
  <testcase name="testcase3" time="0.016" classname="democart.NewTest"/>
  <testcase name="testcase1" time="0.016" classname="democart.NewTest"/>
</testsuite> <!-- democart.NewTest -->
