<?xml version="1.0" encoding="UTF-8"?>
<!-- Generated by org.testng.reporters.JUnitReportReporter -->
<testsuite skipped="0" hostname="BLT84" name="Demo.prioritybytestcase" tests="3" failures="0" timestamp="17 Feb 2020 11:48:08 GMT" time="0.033" errors="0">
  <testcase name="testcase3" time="0.016" classname="Demo.prioritybytestcase"/>
  <testcase name="testcase1" time="0.000" classname="Demo.prioritybytestcase"/>
  <testcase name="testcase2" time="0.017" classname="Demo.prioritybytestcase"/>
</testsuite> <!-- Demo.prioritybytestcase -->
